<?xml version="1.0" encoding="UTF-8"?>
<testsuite xmlns:xsi="http://www.w3.org/2001/XMLSchema-instance" xsi:noNamespaceSchemaLocation="https://maven.apache.org/surefire/maven-surefire-plugin/xsd/surefire-test-report.xsd" name="org.geoserver.web.WebXmlTest" time="0.033" tests="1" errors="0" skipped="0" failures="0">
  <properties>
    <property name="build.commit.id" value="2061d6e195d94272625dfeff5ce966066d6e8962"/>
    <property name="java.specification.version" value="17"/>
    <property name="sun.cpu.isalist" value="amd64"/>
    <property name="sun.jnu.encoding" value="Cp1251"/>
    <property name="java.class.path" value="D:\Repos\geoserver\geoserver\src\web\app\target\test-classes;D:\Repos\geoserver\geoserver\src\web\app\target\classes;C:\Users\Михаил\.m2\repository\org\marlin\marlin\0.9.3\marlin-0.9.3.jar;C:\Users\Михаил\.m2\repository\org\geoserver\web\gs-web-core\2.21-SNAPSHOT\gs-web-core-2.21-SNAPSHOT.jar;C:\Users\Михаил\.m2\repository\org\apache\wicket\wicket-core\7.18.0\wicket-core-7.18.0.jar;C:\Users\Михаил\.m2\repository\org\slf4j\slf4j-api\1.6.4\slf4j-api-1.6.4.jar;C:\Users\Михаил\.m2\repository\org\apache\wicket\wicket-util\7.18.0\wicket-util-7.18.0.jar;C:\Users\Михаил\.m2\repository\org\apache\wicket\wicket-request\7.18.0\wicket-request-7.18.0.jar;C:\Users\Михаил\.m2\repository\org\apache\wicket\wicket-extensions\7.18.0\wicket-extensions-7.18.0.jar;C:\Users\Михаил\.m2\repository\org\wicketstuff\wicketstuff-select2\7.18.0\wicketstuff-select2-7.18.0.jar;C:\Users\Михаил\.m2\repository\de\agilecoders\wicket\webjars\wicket-webjars\0.5.3\wicket-webjars-0.5.3.jar;C:\Users\Михаил\.m2\repository\org\slf4j\slf4j-log4j12\1.6.4\slf4j-log4j12-1.6.4.jar;C:\Users\Михаил\.m2\repository\log4j\log4j\1.2.17\log4j-1.2.17.jar;C:\Users\Михаил\.m2\repository\org\geotools\gt-coverage\27-SNAPSHOT\gt-coverage-27-SNAPSHOT.jar;C:\Users\Михаил\.m2\repository\org\jaitools\jt-zonalstats\1.6.0\jt-zonalstats-1.6.0.jar;C:\Users\Михаил\.m2\repository\it\geosolutions\jaiext\affine\jt-affine\1.1.21\jt-affine-1.1.21.jar;C:\Users\Михаил\.m2\repository\it\geosolutions\jaiext\algebra\jt-algebra\1.1.21\jt-algebra-1.1.21.jar;C:\Users\Михаил\.m2\repository\it\geosolutions\jaiext\bandmerge\jt-bandmerge\1.1.21\jt-bandmerge-1.1.21.jar;C:\Users\Михаил\.m2\repository\it\geosolutions\jaiext\bandselect\jt-bandselect\1.1.21\jt-bandselect-1.1.21.jar;C:\Users\Михаил\.m2\repository\it\geosolutions\jaiext\bandcombine\jt-bandcombine\1.1.21\jt-bandcombine-1.1.21.jar;C:\Users\Михаил\.m2\repository\it\geosolutions\jaiext\border\jt-border\1.1.21\jt-border-1.1.21.jar;C:\Users\Михаил\.m2\repository\it\geosolutions\jaiext\buffer\jt-buffer\1.1.21\jt-buffer-1.1.21.jar;C:\Users\Михаил\.m2\repository\it\geosolutions\jaiext\crop\jt-crop\1.1.21\jt-crop-1.1.21.jar;C:\Users\Михаил\.m2\repository\it\geosolutions\jaiext\iterators\jt-iterators\1.1.21\jt-iterators-1.1.21.jar;C:\Users\Михаил\.m2\repository\it\geosolutions\jaiext\lookup\jt-lookup\1.1.21\jt-lookup-1.1.21.jar;C:\Users\Михаил\.m2\repository\it\geosolutions\jaiext\mosaic\jt-mosaic\1.1.21\jt-mosaic-1.1.21.jar;C:\Users\Михаил\.m2\repository\it\geosolutions\jaiext\nullop\jt-nullop\1.1.21\jt-nullop-1.1.21.jar;C:\Users\Михаил\.m2\repository\it\geosolutions\jaiext\rescale\jt-rescale\1.1.21\jt-rescale-1.1.21.jar;C:\Users\Михаил\.m2\repository\it\geosolutions\jaiext\scale\jt-scale\1.1.21\jt-scale-1.1.21.jar;C:\Users\Михаил\.m2\repository\it\geosolutions\jaiext\scale2\jt-scale2\1.1.21\jt-scale2-1.1.21.jar;C:\Users\Михаил\.m2\repository\org\huldra\math\bigint\0.7.1\bigint-0.7.1.jar;C:\Users\Михаил\.m2\repository\it\geosolutions\jaiext\stats\jt-stats\1.1.21\jt-stats-1.1.21.jar;C:\Users\Михаил\.m2\repository\it\geosolutions\jaiext\translate\jt-translate\1.1.21\jt-translate-1.1.21.jar;C:\Users\Михаил\.m2\repository\it\geosolutions\jaiext\utilities\jt-utilities\1.1.21\jt-utilities-1.1.21.jar;C:\Users\Михаил\.m2\repository\it\geosolutions\jaiext\warp\jt-warp\1.1.21\jt-warp-1.1.21.jar;C:\Users\Михаил\.m2\repository\it\geosolutions\jaiext\zonal\jt-zonal\1.1.21\jt-zonal-1.1.21.jar;C:\Users\Михаил\.m2\repository\it\geosolutions\jaiext\binarize\jt-binarize\1.1.21\jt-binarize-1.1.21.jar;C:\Users\Михаил\.m2\repository\it\geosolutions\jaiext\format\jt-format\1.1.21\jt-format-1.1.21.jar;C:\Users\Михаил\.m2\repository\it\geosolutions\jaiext\colorconvert\jt-colorconvert\1.1.21\jt-colorconvert-1.1.21.jar;C:\Users\Михаил\.m2\repository\it\geosolutions\jaiext\errordiffusion\jt-errordiffusion\1.1.21\jt-errordiffusion-1.1.21.jar;C:\Users\Михаил\.m2\repository\it\geosolutions\jaiext\orderdither\jt-orderdither\1.1.21\jt-orderdither-1.1.21.jar;C:\Users\Михаил\.m2\repository\it\geosolutions\jaiext\colorindexer\jt-colorindexer\1.1.21\jt-colorindexer-1.1.21.jar;C:\Users\Михаил\.m2\repository\it\geosolutions\jaiext\imagefunction\jt-imagefunction\1.1.21\jt-imagefunction-1.1.21.jar;C:\Users\Михаил\.m2\repository\it\geosolutions\jaiext\piecewise\jt-piecewise\1.1.21\jt-piecewise-1.1.21.jar;C:\Users\Михаил\.m2\repository\it\geosolutions\jaiext\classifier\jt-classifier\1.1.21\jt-classifier-1.1.21.jar;C:\Users\Михаил\.m2\repository\it\geosolutions\jaiext\rlookup\jt-rlookup\1.1.21\jt-rlookup-1.1.21.jar;C:\Users\Михаил\.m2\repository\it\geosolutions\jaiext\vectorbin\jt-vectorbin\1.1.21\jt-vectorbin-1.1.21.jar;C:\Users\Михаил\.m2\repository\it\geosolutions\jaiext\shadedrelief\jt-shadedrelief\1.1.21\jt-shadedrelief-1.1.21.jar;C:\Users\Михаил\.m2\repository\org\geotools\gt-main\27-SNAPSHOT\gt-main-27-SNAPSHOT.jar;C:\Users\Михаил\.m2\repository\org\geotools\gt-http\27-SNAPSHOT\gt-http-27-SNAPSHOT.jar;C:\Users\Михаил\.m2\repository\org\geotools\gt-shapefile\27-SNAPSHOT\gt-shapefile-27-SNAPSHOT.jar;C:\Users\Михаил\.m2\repository\org\geotools\gt-jdbc\27-SNAPSHOT\gt-jdbc-27-SNAPSHOT.jar;C:\Users\Михаил\.m2\repository\commons-dbcp\commons-dbcp\1.4\commons-dbcp-1.4.jar;C:\Users\Михаил\.m2\repository\org\geotools\gt-metadata\27-SNAPSHOT\gt-metadata-27-SNAPSHOT.jar;C:\Users\Михаил\.m2\repository\org\geotools\gt-opengis\27-SNAPSHOT\gt-opengis-27-SNAPSHOT.jar;C:\Users\Михаил\.m2\repository\systems\uom\systems-common\2.0.2\systems-common-2.0.2.jar;C:\Users\Михаил\.m2\repository\javax\measure\unit-api\2.0\unit-api-2.0.jar;C:\Users\Михаил\.m2\repository\tech\units\indriya\2.0.2\indriya-2.0.2.jar;C:\Users\Михаил\.m2\repository\tech\uom\lib\uom-lib-common\2.0\uom-lib-common-2.0.jar;C:\Users\Михаил\.m2\repository\javax\inject\javax.inject\1\javax.inject-1.jar;C:\Users\Михаил\.m2\repository\si\uom\si-quantity\2.0.1\si-quantity-2.0.1.jar;C:\Users\Михаил\.m2\repository\si\uom\si-units\2.0.1\si-units-2.0.1.jar;C:\Users\Михаил\.m2\repository\jakarta\annotation\jakarta.annotation-api\1.3.4\jakarta.annotation-api-1.3.4.jar;C:\Users\Михаил\.m2\repository\org\geotools\ogc\net.opengis.ows\27-SNAPSHOT\net.opengis.ows-27-SNAPSHOT.jar;C:\Users\Михаил\.m2\repository\org\springframework\security\spring-security-web\5.1.13.RELEASE\spring-security-web-5.1.13.RELEASE.jar;C:\Users\Михаил\.m2\repository\org\springframework\spring-expression\5.1.20.RELEASE\spring-expression-5.1.20.RELEASE.jar;C:\Users\Михаил\.m2\repository\org\bouncycastle\bcprov-jdk15on\1.69\bcprov-jdk15on-1.69.jar;C:\Users\Михаил\.m2\repository\com\github\svenmeier\wicket-dnd\wicket-dnd\0.7.3\wicket-dnd-0.7.3.jar;C:\Users\Михаил\.m2\repository\org\apache\wicket\wicket-datetime\7.18.0\wicket-datetime-7.18.0.jar;C:\Users\Михаил\.m2\repository\joda-time\joda-time\2.8.1\joda-time-2.8.1.jar;C:\Users\Михаил\.m2\repository\org\geoserver\web\gs-web-wms\2.21-SNAPSHOT\gs-web-wms-2.21-SNAPSHOT.jar;C:\Users\Михаил\.m2\repository\org\geotools\xsd\gt-xsd-sld\27-SNAPSHOT\gt-xsd-sld-27-SNAPSHOT.jar;C:\Users\Михаил\.m2\repository\org\geoserver\web\gs-web-gwc\2.21-SNAPSHOT\gs-web-gwc-2.21-SNAPSHOT.jar;C:\Users\Михаил\.m2\repository\org\apache\commons\commons-collections4\4.2\commons-collections4-4.2.jar;C:\Users\Михаил\.m2\repository\org\apache\commons\commons-text\1.4\commons-text-1.4.jar;C:\Users\Михаил\.m2\repository\org\geoserver\web\gs-web-wfs\2.21-SNAPSHOT\gs-web-wfs-2.21-SNAPSHOT.jar;C:\Users\Михаил\.m2\repository\org\geoserver\web\gs-web-wcs\2.21-SNAPSHOT\gs-web-wcs-2.21-SNAPSHOT.jar;C:\Users\Михаил\.m2\repository\org\geoserver\web\gs-web-demo\2.21-SNAPSHOT\gs-web-demo-2.21-SNAPSHOT.jar;C:\Users\Михаил\.m2\repository\org\geoserver\web\gs-web-sec-jdbc\2.21-SNAPSHOT\gs-web-sec-jdbc-2.21-SNAPSHOT.jar;C:\Users\Михаил\.m2\repository\org\geoserver\web\gs-web-sec-core\2.21-SNAPSHOT\gs-web-sec-core-2.21-SNAPSHOT.jar;C:\Users\Михаил\.m2\repository\org\geoserver\web\gs-web-sec-ldap\2.21-SNAPSHOT\gs-web-sec-ldap-2.21-SNAPSHOT.jar;C:\Users\Михаил\.m2\repository\org\springframework\security\spring-security-ldap\5.1.13.RELEASE\spring-security-ldap-5.1.13.RELEASE.jar;C:\Users\Михаил\.m2\repository\org\springframework\ldap\spring-ldap-core\2.3.3.RELEASE\spring-ldap-core-2.3.3.RELEASE.jar;C:\Users\Михаил\.m2\repository\org\springframework\spring-tx\5.1.20.RELEASE\spring-tx-5.1.20.RELEASE.jar;C:\Users\Михаил\.m2\repository\org\geoserver\web\gs-web-rest\2.21-SNAPSHOT\gs-web-rest-2.21-SNAPSHOT.jar;C:\Users\Михаил\.m2\repository\org\geoserver\gs-platform\2.21-SNAPSHOT\gs-platform-2.21-SNAPSHOT.jar;C:\Users\Михаил\.m2\repository\org\springframework\spring-beans\5.1.20.RELEASE\spring-beans-5.1.20.RELEASE.jar;C:\Users\Михаил\.m2\repository\org\springframework\spring-core\5.1.20.RELEASE\spring-core-5.1.20.RELEASE.jar;C:\Users\Михаил\.m2\repository\org\springframework\spring-jcl\5.1.20.RELEASE\spring-jcl-5.1.20.RELEASE.jar;C:\Users\Михаил\.m2\repository\org\springframework\spring-context\5.1.20.RELEASE\spring-context-5.1.20.RELEASE.jar;C:\Users\Михаил\.m2\repository\org\springframework\spring-web\5.1.20.RELEASE\spring-web-5.1.20.RELEASE.jar;C:\Users\Михаил\.m2\repository\org\apache\commons\commons-lang3\3.8.1\commons-lang3-3.8.1.jar;C:\Users\Михаил\.m2\repository\commons-io\commons-io\2.8.0\commons-io-2.8.0.jar;C:\Users\Михаил\.m2\repository\commons-codec\commons-codec\1.9\commons-codec-1.9.jar;C:\Users\Михаил\.m2\repository\com\h2database\h2\1.1.119\h2-1.1.119.jar;C:\Users\Михаил\.m2\repository\javax\media\jai_core\1.1.3\jai_core-1.1.3.jar;C:\Users\Михаил\.m2\repository\javax\media\jai_codec\1.1.3\jai_codec-1.1.3.jar;C:\Users\Михаил\.m2\repository\javax\media\jai_imageio\1.1\jai_imageio-1.1.jar;C:\Users\Михаил\.m2\repository\org\geoserver\gs-main\2.21-SNAPSHOT\gs-main-2.21-SNAPSHOT.jar;C:\Users\Михаил\.m2\repository\org\geoserver\gs-ows\2.21-SNAPSHOT\gs-ows-2.21-SNAPSHOT.jar;C:\Users\Михаил\.m2\repository\net\sf\json-lib\json-lib\2.4.2-geoserver\json-lib-2.4.2-geoserver.jar;C:\Users\Михаил\.m2\repository\commons-collections\commons-collections\3.2.2\commons-collections-3.2.2.jar;C:\Users\Михаил\.m2\repository\commons-lang\commons-lang\2.5\commons-lang-2.5.jar;C:\Users\Михаил\.m2\repository\commons-logging\commons-logging\1.1.1\commons-logging-1.1.1.jar;C:\Users\Михаил\.m2\repository\net\sf\ezmorph\ezmorph\1.0.6\ezmorph-1.0.6.jar;C:\Users\Михаил\.m2\repository\commons-beanutils\commons-beanutils\1.9.4\commons-beanutils-1.9.4.jar;C:\Users\Михаил\.m2\repository\commons-fileupload\commons-fileupload\1.3.3\commons-fileupload-1.3.3.jar;C:\Users\Михаил\.m2\repository\commons-httpclient\commons-httpclient\3.1\commons-httpclient-3.1.jar;C:\Users\Михаил\.m2\repository\org\freemarker\freemarker\2.3.31\freemarker-2.3.31.jar;C:\Users\Михаил\.m2\repository\org\geotools\gt-cql\27-SNAPSHOT\gt-cql-27-SNAPSHOT.jar;C:\Users\Михаил\.m2\repository\org\geotools\gt-property\27-SNAPSHOT\gt-property-27-SNAPSHOT.jar;C:\Users\Михаил\.m2\repository\org\geotools\gt-epsg-hsql\27-SNAPSHOT\gt-epsg-hsql-27-SNAPSHOT.jar;C:\Users\Михаил\.m2\repository\org\hsqldb\hsqldb\2.4.1\hsqldb-2.4.1.jar;C:\Users\Михаил\.m2\repository\org\geotools\gt-wms\27-SNAPSHOT\gt-wms-27-SNAPSHOT.jar;C:\Users\Михаил\.m2\repository\org\geotools\gt-wmts\27-SNAPSHOT\gt-wmts-27-SNAPSHOT.jar;C:\Users\Михаил\.m2\repository\org\geotools\gt-tile-client\27-SNAPSHOT\gt-tile-client-27-SNAPSHOT.jar;C:\Users\Михаил\.m2\repository\org\geotools\xsd\gt-xsd-wmts\27-SNAPSHOT\gt-xsd-wmts-27-SNAPSHOT.jar;C:\Users\Михаил\.m2\repository\org\geotools\ogc\net.opengis.wmts\27-SNAPSHOT\net.opengis.wmts-27-SNAPSHOT.jar;C:\Users\Михаил\.m2\repository\org\springframework\spring-aop\5.1.20.RELEASE\spring-aop-5.1.20.RELEASE.jar;C:\Users\Михаил\.m2\repository\org\springframework\spring-jdbc\5.1.20.RELEASE\spring-jdbc-5.1.20.RELEASE.jar;C:\Users\Михаил\.m2\repository\com\thoughtworks\xstream\xstream\1.4.11.1\xstream-1.4.11.1.jar;C:\Users\Михаил\.m2\repository\xmlpull\xmlpull\1.1.3.1\xmlpull-1.1.3.1.jar;C:\Users\Михаил\.m2\repository\xpp3\xpp3_min\1.1.4c\xpp3_min-1.1.4c.jar;C:\Users\Михаил\.m2\repository\com\google\guava\guava\30.1-jre\guava-30.1-jre.jar;C:\Users\Михаил\.m2\repository\com\google\guava\failureaccess\1.0.1\failureaccess-1.0.1.jar;C:\Users\Михаил\.m2\repository\com\google\guava\listenablefuture\9999.0-empty-to-avoid-conflict-with-guava\listenablefuture-9999.0-empty-to-avoid-conflict-with-guava.jar;C:\Users\Михаил\.m2\repository\org\checkerframework\checker-qual\3.5.0\checker-qual-3.5.0.jar;C:\Users\Михаил\.m2\repository\com\google\errorprone\error_prone_annotations\2.3.4\error_prone_annotations-2.3.4.jar;C:\Users\Михаил\.m2\repository\com\google\j2objc\j2objc-annotations\1.3\j2objc-annotations-1.3.jar;C:\Users\Михаил\.m2\repository\com\google\code\findbugs\jsr305\2.0.3\jsr305-2.0.3.jar;C:\Users\Михаил\.m2\repository\it\geosolutions\jaiext\concurrent-tile-cache\jt-concurrent-tile-cache\1.1.21\jt-concurrent-tile-cache-1.1.21.jar;C:\Users\Михаил\.m2\repository\javax\activation\activation\1.1\activation-1.1.jar;C:\Users\Михаил\.m2\repository\com\github\oshi\oshi-core\5.8.1\oshi-core-5.8.1.jar;C:\Users\Михаил\.m2\repository\net\java\dev\jna\jna\5.9.0\jna-5.9.0.jar;C:\Users\Михаил\.m2\repository\net\java\dev\jna\jna-platform\5.9.0\jna-platform-5.9.0.jar;C:\Users\Михаил\.m2\repository\org\springframework\security\spring-security-core\5.1.13.RELEASE\spring-security-core-5.1.13.RELEASE.jar;C:\Users\Михаил\.m2\repository\org\springframework\security\spring-security-config\5.1.13.RELEASE\spring-security-config-5.1.13.RELEASE.jar;C:\Users\Михаил\.m2\repository\org\jasypt\jasypt\1.9.2\jasypt-1.9.2.jar;C:\Users\Михаил\.m2\repository\org\jasypt\jasypt-springsecurity3\1.9.2\jasypt-springsecurity3-1.9.2.jar;C:\Users\Михаил\.m2\repository\org\codehaus\jettison\jettison\1.0.1\jettison-1.0.1.jar;C:\Users\Михаил\.m2\repository\stax\stax-api\1.0.1\stax-api-1.0.1.jar;C:\Users\Михаил\.m2\repository\org\geoserver\gs-wcs\2.21-SNAPSHOT\gs-wcs-2.21-SNAPSHOT.jar;C:\Users\Михаил\.m2\repository\org\geotools\gt-referencing\27-SNAPSHOT\gt-referencing-27-SNAPSHOT.jar;C:\Users\Михаил\.m2\repository\org\ejml\ejml-ddense\0.34\ejml-ddense-0.34.jar;C:\Users\Михаил\.m2\repository\org\ejml\ejml-core\0.34\ejml-core-0.34.jar;C:\Users\Михаил\.m2\repository\commons-pool\commons-pool\1.5.4\commons-pool-1.5.4.jar;C:\Users\Михаил\.m2\repository\it\geosolutions\jgridshift\jgridshift-core\1.3\jgridshift-core-1.3.jar;C:\Users\Михаил\.m2\repository\net\sf\geographiclib\GeographicLib-Java\1.49\GeographicLib-Java-1.49.jar;C:\Users\Михаил\.m2\repository\org\geoserver\gs-wcs1_0\2.21-SNAPSHOT\gs-wcs1_0-2.21-SNAPSHOT.jar;C:\Users\Михаил\.m2\repository\org\geotools\ogc\net.opengis.wcs\27-SNAPSHOT\net.opengis.wcs-27-SNAPSHOT.jar;C:\Users\Михаил\.m2\repository\org\eclipse\emf\org.eclipse.emf.common\2.15.0\org.eclipse.emf.common-2.15.0.jar;C:\Users\Михаил\.m2\repository\org\eclipse\emf\org.eclipse.emf.ecore\2.15.0\org.eclipse.emf.ecore-2.15.0.jar;C:\Users\Михаил\.m2\repository\org\eclipse\emf\org.eclipse.emf.ecore.xmi\2.15.0\org.eclipse.emf.ecore.xmi-2.15.0.jar;C:\Users\Михаил\.m2\repository\org\geotools\xsd\gt-xsd-gml3\27-SNAPSHOT\gt-xsd-gml3-27-SNAPSHOT.jar;C:\Users\Михаил\.m2\repository\org\geotools\xsd\gt-xsd-gml2\27-SNAPSHOT\gt-xsd-gml2-27-SNAPSHOT.jar;C:\Users\Михаил\.m2\repository\org\geotools\xsd\gt-xsd-filter\27-SNAPSHOT\gt-xsd-filter-27-SNAPSHOT.jar;C:\Users\Михаил\.m2\repository\org\geotools\xsd\gt-xsd-ows\27-SNAPSHOT\gt-xsd-ows-27-SNAPSHOT.jar;C:\Users\Михаил\.m2\repository\org\geotools\xsd\gt-xsd-wcs\27-SNAPSHOT\gt-xsd-wcs-27-SNAPSHOT.jar;C:\Users\Михаил\.m2\repository\org\geotools\ogc\org.w3.xlink\27-SNAPSHOT\org.w3.xlink-27-SNAPSHOT.jar;C:\Users\Михаил\.m2\repository\javax\mail\mail\1.4\mail-1.4.jar;C:\Users\Михаил\.m2\repository\org\geoserver\gs-wcs1_1\2.21-SNAPSHOT\gs-wcs1_1-2.21-SNAPSHOT.jar;C:\Users\Михаил\.m2\repository\org\geoserver\gs-wcs2_0\2.21-SNAPSHOT\gs-wcs2_0-2.21-SNAPSHOT.jar;C:\Users\Михаил\.m2\repository\org\geoserver\gs-wfs\2.21-SNAPSHOT\gs-wfs-2.21-SNAPSHOT.jar;C:\Users\Михаил\.m2\repository\org\geotools\ogc\net.opengis.wfs\27-SNAPSHOT\net.opengis.wfs-27-SNAPSHOT.jar;C:\Users\Михаил\.m2\repository\org\geotools\ogc\net.opengis.fes\27-SNAPSHOT\net.opengis.fes-27-SNAPSHOT.jar;C:\Users\Михаил\.m2\repository\org\geotools\xsd\gt-xsd-wfs\27-SNAPSHOT\gt-xsd-wfs-27-SNAPSHOT.jar;C:\Users\Михаил\.m2\repository\org\geoserver\gs-wms\2.21-SNAPSHOT\gs-wms-2.21-SNAPSHOT.jar;C:\Users\Михаил\.m2\repository\org\geotools\gt-render\27-SNAPSHOT\gt-render-27-SNAPSHOT.jar;C:\Users\Михаил\.m2\repository\com\conversantmedia\disruptor\1.2.13\disruptor-1.2.13.jar;C:\Users\Михаил\.m2\repository\org\geotools\gt-svg\27-SNAPSHOT\gt-svg-27-SNAPSHOT.jar;C:\Users\Михаил\.m2\repository\org\apache\xmlgraphics\batik-transcoder\1.14\batik-transcoder-1.14.jar;C:\Users\Михаил\.m2\repository\org\apache\xmlgraphics\batik-anim\1.14\batik-anim-1.14.jar;C:\Users\Михаил\.m2\repository\org\apache\xmlgraphics\batik-css\1.14\batik-css-1.14.jar;C:\Users\Михаил\.m2\repository\org\apache\xmlgraphics\batik-ext\1.14\batik-ext-1.14.jar;C:\Users\Михаил\.m2\repository\org\apache\xmlgraphics\batik-parser\1.14\batik-parser-1.14.jar;C:\Users\Михаил\.m2\repository\org\apache\xmlgraphics\batik-svg-dom\1.14\batik-svg-dom-1.14.jar;C:\Users\Михаил\.m2\repository\org\apache\xmlgraphics\batik-awt-util\1.14\batik-awt-util-1.14.jar;C:\Users\Михаил\.m2\repository\org\apache\xmlgraphics\xmlgraphics-commons\2.6\xmlgraphics-commons-2.6.jar;C:\Users\Михаил\.m2\repository\org\apache\xmlgraphics\batik-bridge\1.14\batik-bridge-1.14.jar;C:\Users\Михаил\.m2\repository\org\apache\xmlgraphics\batik-script\1.14\batik-script-1.14.jar;C:\Users\Михаил\.m2\repository\org\apache\xmlgraphics\batik-dom\1.14\batik-dom-1.14.jar;C:\Users\Михаил\.m2\repository\org\apache\xmlgraphics\batik-gvt\1.14\batik-gvt-1.14.jar;C:\Users\Михаил\.m2\repository\org\apache\xmlgraphics\batik-shared-resources\1.14\batik-shared-resources-1.14.jar;C:\Users\Михаил\.m2\repository\org\apache\xmlgraphics\batik-svggen\1.14\batik-svggen-1.14.jar;C:\Users\Михаил\.m2\repository\org\apache\xmlgraphics\batik-util\1.14\batik-util-1.14.jar;C:\Users\Михаил\.m2\repository\org\apache\xmlgraphics\batik-constants\1.14\batik-constants-1.14.jar;C:\Users\Михаил\.m2\repository\org\apache\xmlgraphics\batik-i18n\1.14\batik-i18n-1.14.jar;C:\Users\Михаил\.m2\repository\org\apache\xmlgraphics\batik-xml\1.14\batik-xml-1.14.jar;C:\Users\Михаил\.m2\repository\xml-apis\xml-apis-ext\1.3.04\xml-apis-ext-1.3.04.jar;C:\Users\Михаил\.m2\repository\org\geotools\gt-process\27-SNAPSHOT\gt-process-27-SNAPSHOT.jar;C:\Users\Михаил\.m2\repository\org\geotools\gt-geojson\27-SNAPSHOT\gt-geojson-27-SNAPSHOT.jar;C:\Users\Михаил\.m2\repository\com\googlecode\json-simple\json-simple\1.1.1\json-simple-1.1.1.jar;C:\Users\Михаил\.m2\repository\com\lowagie\itext\2.1.5\itext-2.1.5.jar;C:\Users\Михаил\.m2\repository\it\geosolutions\imageio-ext\imageio-ext-png\1.3.11\imageio-ext-png-1.3.11.jar;C:\Users\Михаил\.m2\repository\ar\com\hjg\pngj\2.0.1\pngj-2.0.1.jar;C:\Users\Михаил\.m2\repository\xalan\xalan\2.7.2\xalan-2.7.2.jar;C:\Users\Михаил\.m2\repository\xalan\serializer\2.7.2\serializer-2.7.2.jar;C:\Users\Михаил\.m2\repository\xml-apis\xml-apis\1.4.01\xml-apis-1.4.01.jar;C:\Users\Михаил\.m2\repository\org\springframework\spring-context-support\5.1.20.RELEASE\spring-context-support-5.1.20.RELEASE.jar;C:\Users\Михаил\.m2\repository\org\geotools\gt-process-raster\27-SNAPSHOT\gt-process-raster-27-SNAPSHOT.jar;C:\Users\Михаил\.m2\repository\org\jaitools\jt-rangelookup\1.6.0\jt-rangelookup-1.6.0.jar;C:\Users\Михаил\.m2\repository\org\jaitools\jt-contour\1.6.0\jt-contour-1.6.0.jar;C:\Users\Михаил\.m2\repository\org\jaitools\jt-attributeop\1.6.0\jt-attributeop-1.6.0.jar;C:\Users\Михаил\.m2\repository\org\jaitools\jt-vectorize\1.6.0\jt-vectorize-1.6.0.jar;C:\Users\Михаил\.m2\repository\it\geosolutions\jaiext\jiffle\jt-jiffle-op\1.1.21\jt-jiffle-op-1.1.21.jar;C:\Users\Михаил\.m2\repository\it\geosolutions\jaiext\jiffle\jt-jiffle-language\1.1.21\jt-jiffle-language-1.1.21.jar;C:\Users\Михаил\.m2\repository\org\antlr\antlr4-runtime\4.7.1\antlr4-runtime-4.7.1.jar;C:\Users\Михаил\.m2\repository\org\codehaus\janino\janino\3.0.8\janino-3.0.8.jar;C:\Users\Михаил\.m2\repository\org\codehaus\janino\commons-compiler\3.0.8\commons-compiler-3.0.8.jar;C:\Users\Михаил\.m2\repository\it\geosolutions\jaiext\classbreaks\jt-classbreaks\1.1.21\jt-classbreaks-1.1.21.jar;C:\Users\Михаил\.m2\repository\org\geotools\gt-process-feature\27-SNAPSHOT\gt-process-feature-27-SNAPSHOT.jar;C:\Users\Михаил\.m2\repository\org\geotools\gt-grid\27-SNAPSHOT\gt-grid-27-SNAPSHOT.jar;C:\Users\Михаил\.m2\repository\org\apache\httpcomponents\httpclient\4.5.13\httpclient-4.5.13.jar;C:\Users\Михаил\.m2\repository\org\apache\httpcomponents\httpcore\4.4.10\httpcore-4.4.10.jar;C:\Users\Михаил\.m2\repository\org\apache\httpcomponents\httpclient-cache\4.5.13\httpclient-cache-4.5.13.jar;C:\Users\Михаил\.m2\repository\org\geoserver\gs-kml\2.21-SNAPSHOT\gs-kml-2.21-SNAPSHOT.jar;C:\Users\Михаил\.m2\repository\de\micromata\jak\JavaAPIforKml\2.2.0\JavaAPIforKml-2.2.0.jar;C:\Users\Михаил\.m2\repository\javax\xml\bind\jaxb-api\2.4.0-b180830.0359\jaxb-api-2.4.0-b180830.0359.jar;C:\Users\Михаил\.m2\repository\org\glassfish\jaxb\jaxb-runtime\2.4.0-b180830.0438\jaxb-runtime-2.4.0-b180830.0438.jar;C:\Users\Михаил\.m2\repository\org\glassfish\jaxb\txw2\2.4.0-b180830.0438\txw2-2.4.0-b180830.0438.jar;C:\Users\Михаил\.m2\repository\com\sun\istack\istack-commons-runtime\3.0.7\istack-commons-runtime-3.0.7.jar;C:\Users\Михаил\.m2\repository\org\jvnet\staxex\stax-ex\1.8\stax-ex-1.8.jar;C:\Users\Михаил\.m2\repository\com\sun\xml\fastinfoset\FastInfoset\1.2.15\FastInfoset-1.2.15.jar;C:\Users\Михаил\.m2\repository\org\geoserver\gs-gwc\2.21-SNAPSHOT\gs-gwc-2.21-SNAPSHOT.jar;C:\Users\Михаил\.m2\repository\org\geowebcache\gwc-core\1.21-SNAPSHOT\gwc-core-1.21-SNAPSHOT.jar;C:\Users\Михаил\.m2\repository\com\fasterxml\jackson\core\jackson-databind\2.10.5.1\jackson-databind-2.10.5.1.jar;C:\Users\Михаил\.m2\repository\com\fasterxml\jackson\core\jackson-annotations\2.10.5\jackson-annotations-2.10.5.jar;C:\Users\Михаил\.m2\repository\org\owasp\encoder\encoder\1.1\encoder-1.1.jar;C:\Users\Михаил\.m2\repository\org\geowebcache\gwc-georss\1.21-SNAPSHOT\gwc-georss-1.21-SNAPSHOT.jar;C:\Users\Михаил\.m2\repository\stax\stax\1.2.0\stax-1.2.0.jar;C:\Users\Михаил\.m2\repository\org\geowebcache\gwc-gmaps\1.21-SNAPSHOT\gwc-gmaps-1.21-SNAPSHOT.jar;C:\Users\Михаил\.m2\repository\org\geowebcache\gwc-kml\1.21-SNAPSHOT\gwc-kml-1.21-SNAPSHOT.jar;C:\Users\Михаил\.m2\repository\org\geowebcache\gwc-rest\1.21-SNAPSHOT\gwc-rest-1.21-SNAPSHOT.jar;C:\Users\Михаил\.m2\repository\org\json\json\20180813\json-20180813.jar;C:\Users\Михаил\.m2\repository\org\geowebcache\gwc-tms\1.21-SNAPSHOT\gwc-tms-1.21-SNAPSHOT.jar;C:\Users\Михаил\.m2\repository\org\geowebcache\gwc-ve\1.21-SNAPSHOT\gwc-ve-1.21-SNAPSHOT.jar;C:\Users\Михаил\.m2\repository\org\geowebcache\gwc-wms\1.21-SNAPSHOT\gwc-wms-1.21-SNAPSHOT.jar;C:\Users\Михаил\.m2\repository\org\geowebcache\gwc-wmts\1.21-SNAPSHOT\gwc-wmts-1.21-SNAPSHOT.jar;C:\Users\Михаил\.m2\repository\org\geowebcache\gwc-diskquota-jdbc\1.21-SNAPSHOT\gwc-diskquota-jdbc-1.21-SNAPSHOT.jar;C:\Users\Михаил\.m2\repository\org\geowebcache\gwc-diskquota-core\1.21-SNAPSHOT\gwc-diskquota-core-1.21-SNAPSHOT.jar;C:\Users\Михаил\.m2\repository\com\fasterxml\jackson\core\jackson-core\2.10.5\jackson-core-2.10.5.jar;C:\Users\Михаил\.m2\repository\org\geoserver\gs-rest\2.21-SNAPSHOT\gs-rest-2.21-SNAPSHOT.jar;C:\Users\Михаил\.m2\repository\org\springframework\spring-webmvc\5.1.20.RELEASE\spring-webmvc-5.1.20.RELEASE.jar;C:\Users\Михаил\.m2\repository\org\geoserver\gs-restconfig\2.21-SNAPSHOT\gs-restconfig-2.21-SNAPSHOT.jar;C:\Users\Михаил\.m2\repository\org\geoserver\gs-restconfig-wcs\2.21-SNAPSHOT\gs-restconfig-wcs-2.21-SNAPSHOT.jar;C:\Users\Михаил\.m2\repository\org\geoserver\gs-restconfig-wfs\2.21-SNAPSHOT\gs-restconfig-wfs-2.21-SNAPSHOT.jar;C:\Users\Михаил\.m2\repository\org\geoserver\gs-restconfig-wms\2.21-SNAPSHOT\gs-restconfig-wms-2.21-SNAPSHOT.jar;C:\Users\Михаил\.m2\repository\org\geoserver\gs-restconfig-wmts\2.21-SNAPSHOT\gs-restconfig-wmts-2.21-SNAPSHOT.jar;C:\Users\Михаил\.m2\repository\org\geoserver\security\gs-sec-jdbc\2.21-SNAPSHOT\gs-sec-jdbc-2.21-SNAPSHOT.jar;C:\Users\Михаил\.m2\repository\org\geoserver\security\gs-sec-ldap\2.21-SNAPSHOT\gs-sec-ldap-2.21-SNAPSHOT.jar;C:\Users\Михаил\.m2\repository\org\geotools\jdbc\gt-jdbc-postgis\27-SNAPSHOT\gt-jdbc-postgis-27-SNAPSHOT.jar;C:\Users\Михаил\.m2\repository\org\postgresql\postgresql\42.2.19\postgresql-42.2.19.jar;C:\Users\Михаил\.m2\repository\org\geotools\gt-geopkg\27-SNAPSHOT\gt-geopkg-27-SNAPSHOT.jar;C:\Users\Михаил\.m2\repository\org\xerial\sqlite-jdbc\3.34.0\sqlite-jdbc-3.34.0.jar;C:\Users\Михаил\.m2\repository\org\geotools\xsd\gt-xsd-core\27-SNAPSHOT\gt-xsd-core-27-SNAPSHOT.jar;C:\Users\Михаил\.m2\repository\picocontainer\picocontainer\1.2\picocontainer-1.2.jar;C:\Users\Михаил\.m2\repository\commons-jxpath\commons-jxpath\1.3\commons-jxpath-1.3.jar;C:\Users\Михаил\.m2\repository\org\eclipse\xsd\org.eclipse.xsd\2.12.0\org.eclipse.xsd-2.12.0.jar;C:\Users\Михаил\.m2\repository\org\geotools\xsd\gt-xsd-fes\27-SNAPSHOT\gt-xsd-fes-27-SNAPSHOT.jar;C:\Users\Михаил\.m2\repository\org\geotools\gt-wfs-ng\27-SNAPSHOT\gt-wfs-ng-27-SNAPSHOT.jar;C:\Users\Михаил\.m2\repository\org\geotools\gt-complex\27-SNAPSHOT\gt-complex-27-SNAPSHOT.jar;C:\Users\Михаил\.m2\repository\org\geotools\gt-app-schema-resolver\27-SNAPSHOT\gt-app-schema-resolver-27-SNAPSHOT.jar;C:\Users\Михаил\.m2\repository\org\geotools\gt-xml\27-SNAPSHOT\gt-xml-27-SNAPSHOT.jar;C:\Users\Михаил\.m2\repository\org\apache\xml\xml-commons-resolver\1.2\xml-commons-resolver-1.2.jar;C:\Users\Михаил\.m2\repository\org\geotools\gt-gml-geometry-streaming\27-SNAPSHOT\gt-gml-geometry-streaming-27-SNAPSHOT.jar;C:\Users\Михаил\.m2\repository\org\geotools\gt-http-commons\27-SNAPSHOT\gt-http-commons-27-SNAPSHOT.jar;C:\Users\Михаил\.m2\repository\org\geotools\gt-geotiff\27-SNAPSHOT\gt-geotiff-27-SNAPSHOT.jar;C:\Users\Михаил\.m2\repository\it\geosolutions\imageio-ext\imageio-ext-tiff\1.3.11\imageio-ext-tiff-1.3.11.jar;C:\Users\Михаил\.m2\repository\it\geosolutions\imageio-ext\imageio-ext-utilities\1.3.11\imageio-ext-utilities-1.3.11.jar;C:\Users\Михаил\.m2\repository\io\airlift\aircompressor\0.20\aircompressor-0.20.jar;C:\Users\Михаил\.m2\repository\it\geosolutions\imageio-ext\imageio-ext-cog-reader\1.3.11\imageio-ext-cog-reader-1.3.11.jar;C:\Users\Михаил\.m2\repository\it\geosolutions\imageio-ext\imageio-ext-cog-commons\1.3.11\imageio-ext-cog-commons-1.3.11.jar;C:\Users\Михаил\.m2\repository\it\geosolutions\imageio-ext\imageio-ext-cog-streams\1.3.11\imageio-ext-cog-streams-1.3.11.jar;C:\Users\Михаил\.m2\repository\org\ehcache\ehcache\3.4.0\ehcache-3.4.0.jar;C:\Users\Михаил\.m2\repository\org\geotools\gt-arcgrid\27-SNAPSHOT\gt-arcgrid-27-SNAPSHOT.jar;C:\Users\Михаил\.m2\repository\it\geosolutions\imageio-ext\imageio-ext-arcgrid\1.3.11\imageio-ext-arcgrid-1.3.11.jar;C:\Users\Михаил\.m2\repository\org\geotools\gt-imagemosaic\27-SNAPSHOT\gt-imagemosaic-27-SNAPSHOT.jar;C:\Users\Михаил\.m2\repository\org\locationtech\jts\jts-core\1.18.2\jts-core-1.18.2.jar;C:\Users\Михаил\.m2\repository\org\geotools\gt-transform\27-SNAPSHOT\gt-transform-27-SNAPSHOT.jar;C:\Users\Михаил\.m2\repository\it\geosolutions\imageio-ext\imageio-ext-streams\1.3.11\imageio-ext-streams-1.3.11.jar;C:\Users\Михаил\.m2\repository\it\geosolutions\imageio-ext\imageio-ext-geocore\1.3.11\imageio-ext-geocore-1.3.11.jar;C:\Users\Михаил\.m2\repository\org\jaitools\jt-utils\1.6.0\jt-utils-1.6.0.jar;C:\Users\Михаил\.m2\repository\org\jaitools\jt-vectorbinarize\1.6.0\jt-vectorbinarize-1.6.0.jar;C:\Users\Михаил\.m2\repository\javax\activation\javax.activation-api\1.2.0\javax.activation-api-1.2.0.jar;C:\Users\Михаил\.m2\repository\org\geotools\gt-image\27-SNAPSHOT\gt-image-27-SNAPSHOT.jar;C:\Users\Михаил\.m2\repository\org\eclipse\jetty\jetty-server\9.4.44.v20210927\jetty-server-9.4.44.v20210927.jar;C:\Users\Михаил\.m2\repository\org\eclipse\jetty\jetty-http\9.4.44.v20210927\jetty-http-9.4.44.v20210927.jar;C:\Users\Михаил\.m2\repository\org\eclipse\jetty\jetty-io\9.4.44.v20210927\jetty-io-9.4.44.v20210927.jar;C:\Users\Михаил\.m2\repository\org\eclipse\jetty\jetty-jndi\9.4.44.v20210927\jetty-jndi-9.4.44.v20210927.jar;C:\Users\Михаил\.m2\repository\org\eclipse\jetty\jetty-plus\9.4.44.v20210927\jetty-plus-9.4.44.v20210927.jar;C:\Users\Михаил\.m2\repository\org\eclipse\jetty\jetty-webapp\9.4.44.v20210927\jetty-webapp-9.4.44.v20210927.jar;C:\Users\Михаил\.m2\repository\org\eclipse\jetty\jetty-xml\9.4.44.v20210927\jetty-xml-9.4.44.v20210927.jar;C:\Users\Михаил\.m2\repository\org\eclipse\jetty\jetty-servlet\9.4.44.v20210927\jetty-servlet-9.4.44.v20210927.jar;C:\Users\Михаил\.m2\repository\org\eclipse\jetty\jetty-security\9.4.44.v20210927\jetty-security-9.4.44.v20210927.jar;C:\Users\Михаил\.m2\repository\org\eclipse\jetty\jetty-util-ajax\9.4.44.v20210927\jetty-util-ajax-9.4.44.v20210927.jar;C:\Users\Михаил\.m2\repository\org\eclipse\jetty\jetty-util\9.4.44.v20210927\jetty-util-9.4.44.v20210927.jar;C:\Users\Михаил\.m2\repository\org\eclipse\jetty\jetty-servlets\9.4.44.v20210927\jetty-servlets-9.4.44.v20210927.jar;C:\Users\Михаил\.m2\repository\org\eclipse\jetty\jetty-continuation\9.4.44.v20210927\jetty-continuation-9.4.44.v20210927.jar;C:\Users\Михаил\.m2\repository\org\geoserver\gs-main\2.21-SNAPSHOT\gs-main-2.21-SNAPSHOT-tests.jar;C:\Users\Михаил\.m2\repository\org\springframework\spring-test\5.1.20.RELEASE\spring-test-5.1.20.RELEASE.jar;C:\Users\Михаил\.m2\repository\javax\servlet\javax.servlet-api\3.1.0\javax.servlet-api-3.1.0.jar;C:\Users\Михаил\.m2\repository\xmlunit\xmlunit\1.3\xmlunit-1.3.jar;C:\Users\Михаил\.m2\repository\junit\junit\4.13.1\junit-4.13.1.jar;C:\Users\Михаил\.m2\repository\org\hamcrest\hamcrest-core\1.3\hamcrest-core-1.3.jar;"/>
    <property name="java.vm.vendor" value="Oracle Corporation"/>
    <property name="org.geotools.image.test.enabled" value="true"/>
    <property name="build.commit.user.name" value="Andrea Aime"/>
    <property name="sun.arch.data.model" value="64"/>
    <property name="build.commit.id.abbrev" value="2061d6e"/>
    <property name="user.variant" value=""/>
    <property name="java.vendor.url" value="https://java.oracle.com/"/>
    <property name="build.local.branch.ahead" value="0"/>
    <property name="user.timezone" value="GMT+05:00"/>
    <property name="build.closest.tag.commit.count" value=""/>
    <property name="build.remote.origin.url" value="git://github.com/geoserver/geoserver.git"/>
    <property name="java.vm.specification.version" value="17"/>
    <property name="os.name" value="Windows 10"/>
    <property name="build.dirty" value="false"/>
    <property name="build.build.user.email" value="stragnik13@gmail.com"/>
    <property name="sun.java.launcher" value="SUN_STANDARD"/>
    <property name="user.country" value="RU"/>
    <property name="sun.boot.library.path" value="D:\Programms\java\bin"/>
    <property name="sun.java.command" value="C:\Users\8FEE~1\AppData\Local\Temp\surefire1370436641015118022\surefirebooter12883181002766212020.jar C:\Users\Михаил\AppData\Local\Temp\surefire1370436641015118022 2021-12-05T19-41-02_502-jvmRun1 surefire14765468400120829743tmp surefire_09623950545779461408tmp"/>
    <property name="jdk.debug" value="release"/>
    <property name="remoteOwsTests" value="false"/>
    <property name="surefire.test.class.path" value="D:\Repos\geoserver\geoserver\src\web\app\target\test-classes;D:\Repos\geoserver\geoserver\src\web\app\target\classes;C:\Users\Михаил\.m2\repository\org\marlin\marlin\0.9.3\marlin-0.9.3.jar;C:\Users\Михаил\.m2\repository\org\geoserver\web\gs-web-core\2.21-SNAPSHOT\gs-web-core-2.21-SNAPSHOT.jar;C:\Users\Михаил\.m2\repository\org\apache\wicket\wicket-core\7.18.0\wicket-core-7.18.0.jar;C:\Users\Михаил\.m2\repository\org\slf4j\slf4j-api\1.6.4\slf4j-api-1.6.4.jar;C:\Users\Михаил\.m2\repository\org\apache\wicket\wicket-util\7.18.0\wicket-util-7.18.0.jar;C:\Users\Михаил\.m2\repository\org\apache\wicket\wicket-request\7.18.0\wicket-request-7.18.0.jar;C:\Users\Михаил\.m2\repository\org\apache\wicket\wicket-extensions\7.18.0\wicket-extensions-7.18.0.jar;C:\Users\Михаил\.m2\repository\org\wicketstuff\wicketstuff-select2\7.18.0\wicketstuff-select2-7.18.0.jar;C:\Users\Михаил\.m2\repository\de\agilecoders\wicket\webjars\wicket-webjars\0.5.3\wicket-webjars-0.5.3.jar;C:\Users\Михаил\.m2\repository\org\slf4j\slf4j-log4j12\1.6.4\slf4j-log4j12-1.6.4.jar;C:\Users\Михаил\.m2\repository\log4j\log4j\1.2.17\log4j-1.2.17.jar;C:\Users\Михаил\.m2\repository\org\geotools\gt-coverage\27-SNAPSHOT\gt-coverage-27-SNAPSHOT.jar;C:\Users\Михаил\.m2\repository\org\jaitools\jt-zonalstats\1.6.0\jt-zonalstats-1.6.0.jar;C:\Users\Михаил\.m2\repository\it\geosolutions\jaiext\affine\jt-affine\1.1.21\jt-affine-1.1.21.jar;C:\Users\Михаил\.m2\repository\it\geosolutions\jaiext\algebra\jt-algebra\1.1.21\jt-algebra-1.1.21.jar;C:\Users\Михаил\.m2\repository\it\geosolutions\jaiext\bandmerge\jt-bandmerge\1.1.21\jt-bandmerge-1.1.21.jar;C:\Users\Михаил\.m2\repository\it\geosolutions\jaiext\bandselect\jt-bandselect\1.1.21\jt-bandselect-1.1.21.jar;C:\Users\Михаил\.m2\repository\it\geosolutions\jaiext\bandcombine\jt-bandcombine\1.1.21\jt-bandcombine-1.1.21.jar;C:\Users\Михаил\.m2\repository\it\geosolutions\jaiext\border\jt-border\1.1.21\jt-border-1.1.21.jar;C:\Users\Михаил\.m2\repository\it\geosolutions\jaiext\buffer\jt-buffer\1.1.21\jt-buffer-1.1.21.jar;C:\Users\Михаил\.m2\repository\it\geosolutions\jaiext\crop\jt-crop\1.1.21\jt-crop-1.1.21.jar;C:\Users\Михаил\.m2\repository\it\geosolutions\jaiext\iterators\jt-iterators\1.1.21\jt-iterators-1.1.21.jar;C:\Users\Михаил\.m2\repository\it\geosolutions\jaiext\lookup\jt-lookup\1.1.21\jt-lookup-1.1.21.jar;C:\Users\Михаил\.m2\repository\it\geosolutions\jaiext\mosaic\jt-mosaic\1.1.21\jt-mosaic-1.1.21.jar;C:\Users\Михаил\.m2\repository\it\geosolutions\jaiext\nullop\jt-nullop\1.1.21\jt-nullop-1.1.21.jar;C:\Users\Михаил\.m2\repository\it\geosolutions\jaiext\rescale\jt-rescale\1.1.21\jt-rescale-1.1.21.jar;C:\Users\Михаил\.m2\repository\it\geosolutions\jaiext\scale\jt-scale\1.1.21\jt-scale-1.1.21.jar;C:\Users\Михаил\.m2\repository\it\geosolutions\jaiext\scale2\jt-scale2\1.1.21\jt-scale2-1.1.21.jar;C:\Users\Михаил\.m2\repository\org\huldra\math\bigint\0.7.1\bigint-0.7.1.jar;C:\Users\Михаил\.m2\repository\it\geosolutions\jaiext\stats\jt-stats\1.1.21\jt-stats-1.1.21.jar;C:\Users\Михаил\.m2\repository\it\geosolutions\jaiext\translate\jt-translate\1.1.21\jt-translate-1.1.21.jar;C:\Users\Михаил\.m2\repository\it\geosolutions\jaiext\utilities\jt-utilities\1.1.21\jt-utilities-1.1.21.jar;C:\Users\Михаил\.m2\repository\it\geosolutions\jaiext\warp\jt-warp\1.1.21\jt-warp-1.1.21.jar;C:\Users\Михаил\.m2\repository\it\geosolutions\jaiext\zonal\jt-zonal\1.1.21\jt-zonal-1.1.21.jar;C:\Users\Михаил\.m2\repository\it\geosolutions\jaiext\binarize\jt-binarize\1.1.21\jt-binarize-1.1.21.jar;C:\Users\Михаил\.m2\repository\it\geosolutions\jaiext\format\jt-format\1.1.21\jt-format-1.1.21.jar;C:\Users\Михаил\.m2\repository\it\geosolutions\jaiext\colorconvert\jt-colorconvert\1.1.21\jt-colorconvert-1.1.21.jar;C:\Users\Михаил\.m2\repository\it\geosolutions\jaiext\errordiffusion\jt-errordiffusion\1.1.21\jt-errordiffusion-1.1.21.jar;C:\Users\Михаил\.m2\repository\it\geosolutions\jaiext\orderdither\jt-orderdither\1.1.21\jt-orderdither-1.1.21.jar;C:\Users\Михаил\.m2\repository\it\geosolutions\jaiext\colorindexer\jt-colorindexer\1.1.21\jt-colorindexer-1.1.21.jar;C:\Users\Михаил\.m2\repository\it\geosolutions\jaiext\imagefunction\jt-imagefunction\1.1.21\jt-imagefunction-1.1.21.jar;C:\Users\Михаил\.m2\repository\it\geosolutions\jaiext\piecewise\jt-piecewise\1.1.21\jt-piecewise-1.1.21.jar;C:\Users\Михаил\.m2\repository\it\geosolutions\jaiext\classifier\jt-classifier\1.1.21\jt-classifier-1.1.21.jar;C:\Users\Михаил\.m2\repository\it\geosolutions\jaiext\rlookup\jt-rlookup\1.1.21\jt-rlookup-1.1.21.jar;C:\Users\Михаил\.m2\repository\it\geosolutions\jaiext\vectorbin\jt-vectorbin\1.1.21\jt-vectorbin-1.1.21.jar;C:\Users\Михаил\.m2\repository\it\geosolutions\jaiext\shadedrelief\jt-shadedrelief\1.1.21\jt-shadedrelief-1.1.21.jar;C:\Users\Михаил\.m2\repository\org\geotools\gt-main\27-SNAPSHOT\gt-main-27-SNAPSHOT.jar;C:\Users\Михаил\.m2\repository\org\geotools\gt-http\27-SNAPSHOT\gt-http-27-SNAPSHOT.jar;C:\Users\Михаил\.m2\repository\org\geotools\gt-shapefile\27-SNAPSHOT\gt-shapefile-27-SNAPSHOT.jar;C:\Users\Михаил\.m2\repository\org\geotools\gt-jdbc\27-SNAPSHOT\gt-jdbc-27-SNAPSHOT.jar;C:\Users\Михаил\.m2\repository\commons-dbcp\commons-dbcp\1.4\commons-dbcp-1.4.jar;C:\Users\Михаил\.m2\repository\org\geotools\gt-metadata\27-SNAPSHOT\gt-metadata-27-SNAPSHOT.jar;C:\Users\Михаил\.m2\repository\org\geotools\gt-opengis\27-SNAPSHOT\gt-opengis-27-SNAPSHOT.jar;C:\Users\Михаил\.m2\repository\systems\uom\systems-common\2.0.2\systems-common-2.0.2.jar;C:\Users\Михаил\.m2\repository\javax\measure\unit-api\2.0\unit-api-2.0.jar;C:\Users\Михаил\.m2\repository\tech\units\indriya\2.0.2\indriya-2.0.2.jar;C:\Users\Михаил\.m2\repository\tech\uom\lib\uom-lib-common\2.0\uom-lib-common-2.0.jar;C:\Users\Михаил\.m2\repository\javax\inject\javax.inject\1\javax.inject-1.jar;C:\Users\Михаил\.m2\repository\si\uom\si-quantity\2.0.1\si-quantity-2.0.1.jar;C:\Users\Михаил\.m2\repository\si\uom\si-units\2.0.1\si-units-2.0.1.jar;C:\Users\Михаил\.m2\repository\jakarta\annotation\jakarta.annotation-api\1.3.4\jakarta.annotation-api-1.3.4.jar;C:\Users\Михаил\.m2\repository\org\geotools\ogc\net.opengis.ows\27-SNAPSHOT\net.opengis.ows-27-SNAPSHOT.jar;C:\Users\Михаил\.m2\repository\org\springframework\security\spring-security-web\5.1.13.RELEASE\spring-security-web-5.1.13.RELEASE.jar;C:\Users\Михаил\.m2\repository\org\springframework\spring-expression\5.1.20.RELEASE\spring-expression-5.1.20.RELEASE.jar;C:\Users\Михаил\.m2\repository\org\bouncycastle\bcprov-jdk15on\1.69\bcprov-jdk15on-1.69.jar;C:\Users\Михаил\.m2\repository\com\github\svenmeier\wicket-dnd\wicket-dnd\0.7.3\wicket-dnd-0.7.3.jar;C:\Users\Михаил\.m2\repository\org\apache\wicket\wicket-datetime\7.18.0\wicket-datetime-7.18.0.jar;C:\Users\Михаил\.m2\repository\joda-time\joda-time\2.8.1\joda-time-2.8.1.jar;C:\Users\Михаил\.m2\repository\org\geoserver\web\gs-web-wms\2.21-SNAPSHOT\gs-web-wms-2.21-SNAPSHOT.jar;C:\Users\Михаил\.m2\repository\org\geotools\xsd\gt-xsd-sld\27-SNAPSHOT\gt-xsd-sld-27-SNAPSHOT.jar;C:\Users\Михаил\.m2\repository\org\geoserver\web\gs-web-gwc\2.21-SNAPSHOT\gs-web-gwc-2.21-SNAPSHOT.jar;C:\Users\Михаил\.m2\repository\org\apache\commons\commons-collections4\4.2\commons-collections4-4.2.jar;C:\Users\Михаил\.m2\repository\org\apache\commons\commons-text\1.4\commons-text-1.4.jar;C:\Users\Михаил\.m2\repository\org\geoserver\web\gs-web-wfs\2.21-SNAPSHOT\gs-web-wfs-2.21-SNAPSHOT.jar;C:\Users\Михаил\.m2\repository\org\geoserver\web\gs-web-wcs\2.21-SNAPSHOT\gs-web-wcs-2.21-SNAPSHOT.jar;C:\Users\Михаил\.m2\repository\org\geoserver\web\gs-web-demo\2.21-SNAPSHOT\gs-web-demo-2.21-SNAPSHOT.jar;C:\Users\Михаил\.m2\repository\org\geoserver\web\gs-web-sec-jdbc\2.21-SNAPSHOT\gs-web-sec-jdbc-2.21-SNAPSHOT.jar;C:\Users\Михаил\.m2\repository\org\geoserver\web\gs-web-sec-core\2.21-SNAPSHOT\gs-web-sec-core-2.21-SNAPSHOT.jar;C:\Users\Михаил\.m2\repository\org\geoserver\web\gs-web-sec-ldap\2.21-SNAPSHOT\gs-web-sec-ldap-2.21-SNAPSHOT.jar;C:\Users\Михаил\.m2\repository\org\springframework\security\spring-security-ldap\5.1.13.RELEASE\spring-security-ldap-5.1.13.RELEASE.jar;C:\Users\Михаил\.m2\repository\org\springframework\ldap\spring-ldap-core\2.3.3.RELEASE\spring-ldap-core-2.3.3.RELEASE.jar;C:\Users\Михаил\.m2\repository\org\springframework\spring-tx\5.1.20.RELEASE\spring-tx-5.1.20.RELEASE.jar;C:\Users\Михаил\.m2\repository\org\geoserver\web\gs-web-rest\2.21-SNAPSHOT\gs-web-rest-2.21-SNAPSHOT.jar;C:\Users\Михаил\.m2\repository\org\geoserver\gs-platform\2.21-SNAPSHOT\gs-platform-2.21-SNAPSHOT.jar;C:\Users\Михаил\.m2\repository\org\springframework\spring-beans\5.1.20.RELEASE\spring-beans-5.1.20.RELEASE.jar;C:\Users\Михаил\.m2\repository\org\springframework\spring-core\5.1.20.RELEASE\spring-core-5.1.20.RELEASE.jar;C:\Users\Михаил\.m2\repository\org\springframework\spring-jcl\5.1.20.RELEASE\spring-jcl-5.1.20.RELEASE.jar;C:\Users\Михаил\.m2\repository\org\springframework\spring-context\5.1.20.RELEASE\spring-context-5.1.20.RELEASE.jar;C:\Users\Михаил\.m2\repository\org\springframework\spring-web\5.1.20.RELEASE\spring-web-5.1.20.RELEASE.jar;C:\Users\Михаил\.m2\repository\org\apache\commons\commons-lang3\3.8.1\commons-lang3-3.8.1.jar;C:\Users\Михаил\.m2\repository\commons-io\commons-io\2.8.0\commons-io-2.8.0.jar;C:\Users\Михаил\.m2\repository\commons-codec\commons-codec\1.9\commons-codec-1.9.jar;C:\Users\Михаил\.m2\repository\com\h2database\h2\1.1.119\h2-1.1.119.jar;C:\Users\Михаил\.m2\repository\javax\media\jai_core\1.1.3\jai_core-1.1.3.jar;C:\Users\Михаил\.m2\repository\javax\media\jai_codec\1.1.3\jai_codec-1.1.3.jar;C:\Users\Михаил\.m2\repository\javax\media\jai_imageio\1.1\jai_imageio-1.1.jar;C:\Users\Михаил\.m2\repository\org\geoserver\gs-main\2.21-SNAPSHOT\gs-main-2.21-SNAPSHOT.jar;C:\Users\Михаил\.m2\repository\org\geoserver\gs-ows\2.21-SNAPSHOT\gs-ows-2.21-SNAPSHOT.jar;C:\Users\Михаил\.m2\repository\net\sf\json-lib\json-lib\2.4.2-geoserver\json-lib-2.4.2-geoserver.jar;C:\Users\Михаил\.m2\repository\commons-collections\commons-collections\3.2.2\commons-collections-3.2.2.jar;C:\Users\Михаил\.m2\repository\commons-lang\commons-lang\2.5\commons-lang-2.5.jar;C:\Users\Михаил\.m2\repository\commons-logging\commons-logging\1.1.1\commons-logging-1.1.1.jar;C:\Users\Михаил\.m2\repository\net\sf\ezmorph\ezmorph\1.0.6\ezmorph-1.0.6.jar;C:\Users\Михаил\.m2\repository\commons-beanutils\commons-beanutils\1.9.4\commons-beanutils-1.9.4.jar;C:\Users\Михаил\.m2\repository\commons-fileupload\commons-fileupload\1.3.3\commons-fileupload-1.3.3.jar;C:\Users\Михаил\.m2\repository\commons-httpclient\commons-httpclient\3.1\commons-httpclient-3.1.jar;C:\Users\Михаил\.m2\repository\org\freemarker\freemarker\2.3.31\freemarker-2.3.31.jar;C:\Users\Михаил\.m2\repository\org\geotools\gt-cql\27-SNAPSHOT\gt-cql-27-SNAPSHOT.jar;C:\Users\Михаил\.m2\repository\org\geotools\gt-property\27-SNAPSHOT\gt-property-27-SNAPSHOT.jar;C:\Users\Михаил\.m2\repository\org\geotools\gt-epsg-hsql\27-SNAPSHOT\gt-epsg-hsql-27-SNAPSHOT.jar;C:\Users\Михаил\.m2\repository\org\hsqldb\hsqldb\2.4.1\hsqldb-2.4.1.jar;C:\Users\Михаил\.m2\repository\org\geotools\gt-wms\27-SNAPSHOT\gt-wms-27-SNAPSHOT.jar;C:\Users\Михаил\.m2\repository\org\geotools\gt-wmts\27-SNAPSHOT\gt-wmts-27-SNAPSHOT.jar;C:\Users\Михаил\.m2\repository\org\geotools\gt-tile-client\27-SNAPSHOT\gt-tile-client-27-SNAPSHOT.jar;C:\Users\Михаил\.m2\repository\org\geotools\xsd\gt-xsd-wmts\27-SNAPSHOT\gt-xsd-wmts-27-SNAPSHOT.jar;C:\Users\Михаил\.m2\repository\org\geotools\ogc\net.opengis.wmts\27-SNAPSHOT\net.opengis.wmts-27-SNAPSHOT.jar;C:\Users\Михаил\.m2\repository\org\springframework\spring-aop\5.1.20.RELEASE\spring-aop-5.1.20.RELEASE.jar;C:\Users\Михаил\.m2\repository\org\springframework\spring-jdbc\5.1.20.RELEASE\spring-jdbc-5.1.20.RELEASE.jar;C:\Users\Михаил\.m2\repository\com\thoughtworks\xstream\xstream\1.4.11.1\xstream-1.4.11.1.jar;C:\Users\Михаил\.m2\repository\xmlpull\xmlpull\1.1.3.1\xmlpull-1.1.3.1.jar;C:\Users\Михаил\.m2\repository\xpp3\xpp3_min\1.1.4c\xpp3_min-1.1.4c.jar;C:\Users\Михаил\.m2\repository\com\google\guava\guava\30.1-jre\guava-30.1-jre.jar;C:\Users\Михаил\.m2\repository\com\google\guava\failureaccess\1.0.1\failureaccess-1.0.1.jar;C:\Users\Михаил\.m2\repository\com\google\guava\listenablefuture\9999.0-empty-to-avoid-conflict-with-guava\listenablefuture-9999.0-empty-to-avoid-conflict-with-guava.jar;C:\Users\Михаил\.m2\repository\org\checkerframework\checker-qual\3.5.0\checker-qual-3.5.0.jar;C:\Users\Михаил\.m2\repository\com\google\errorprone\error_prone_annotations\2.3.4\error_prone_annotations-2.3.4.jar;C:\Users\Михаил\.m2\repository\com\google\j2objc\j2objc-annotations\1.3\j2objc-annotations-1.3.jar;C:\Users\Михаил\.m2\repository\com\google\code\findbugs\jsr305\2.0.3\jsr305-2.0.3.jar;C:\Users\Михаил\.m2\repository\it\geosolutions\jaiext\concurrent-tile-cache\jt-concurrent-tile-cache\1.1.21\jt-concurrent-tile-cache-1.1.21.jar;C:\Users\Михаил\.m2\repository\javax\activation\activation\1.1\activation-1.1.jar;C:\Users\Михаил\.m2\repository\com\github\oshi\oshi-core\5.8.1\oshi-core-5.8.1.jar;C:\Users\Михаил\.m2\repository\net\java\dev\jna\jna\5.9.0\jna-5.9.0.jar;C:\Users\Михаил\.m2\repository\net\java\dev\jna\jna-platform\5.9.0\jna-platform-5.9.0.jar;C:\Users\Михаил\.m2\repository\org\springframework\security\spring-security-core\5.1.13.RELEASE\spring-security-core-5.1.13.RELEASE.jar;C:\Users\Михаил\.m2\repository\org\springframework\security\spring-security-config\5.1.13.RELEASE\spring-security-config-5.1.13.RELEASE.jar;C:\Users\Михаил\.m2\repository\org\jasypt\jasypt\1.9.2\jasypt-1.9.2.jar;C:\Users\Михаил\.m2\repository\org\jasypt\jasypt-springsecurity3\1.9.2\jasypt-springsecurity3-1.9.2.jar;C:\Users\Михаил\.m2\repository\org\codehaus\jettison\jettison\1.0.1\jettison-1.0.1.jar;C:\Users\Михаил\.m2\repository\stax\stax-api\1.0.1\stax-api-1.0.1.jar;C:\Users\Михаил\.m2\repository\org\geoserver\gs-wcs\2.21-SNAPSHOT\gs-wcs-2.21-SNAPSHOT.jar;C:\Users\Михаил\.m2\repository\org\geotools\gt-referencing\27-SNAPSHOT\gt-referencing-27-SNAPSHOT.jar;C:\Users\Михаил\.m2\repository\org\ejml\ejml-ddense\0.34\ejml-ddense-0.34.jar;C:\Users\Михаил\.m2\repository\org\ejml\ejml-core\0.34\ejml-core-0.34.jar;C:\Users\Михаил\.m2\repository\commons-pool\commons-pool\1.5.4\commons-pool-1.5.4.jar;C:\Users\Михаил\.m2\repository\it\geosolutions\jgridshift\jgridshift-core\1.3\jgridshift-core-1.3.jar;C:\Users\Михаил\.m2\repository\net\sf\geographiclib\GeographicLib-Java\1.49\GeographicLib-Java-1.49.jar;C:\Users\Михаил\.m2\repository\org\geoserver\gs-wcs1_0\2.21-SNAPSHOT\gs-wcs1_0-2.21-SNAPSHOT.jar;C:\Users\Михаил\.m2\repository\org\geotools\ogc\net.opengis.wcs\27-SNAPSHOT\net.opengis.wcs-27-SNAPSHOT.jar;C:\Users\Михаил\.m2\repository\org\eclipse\emf\org.eclipse.emf.common\2.15.0\org.eclipse.emf.common-2.15.0.jar;C:\Users\Михаил\.m2\repository\org\eclipse\emf\org.eclipse.emf.ecore\2.15.0\org.eclipse.emf.ecore-2.15.0.jar;C:\Users\Михаил\.m2\repository\org\eclipse\emf\org.eclipse.emf.ecore.xmi\2.15.0\org.eclipse.emf.ecore.xmi-2.15.0.jar;C:\Users\Михаил\.m2\repository\org\geotools\xsd\gt-xsd-gml3\27-SNAPSHOT\gt-xsd-gml3-27-SNAPSHOT.jar;C:\Users\Михаил\.m2\repository\org\geotools\xsd\gt-xsd-gml2\27-SNAPSHOT\gt-xsd-gml2-27-SNAPSHOT.jar;C:\Users\Михаил\.m2\repository\org\geotools\xsd\gt-xsd-filter\27-SNAPSHOT\gt-xsd-filter-27-SNAPSHOT.jar;C:\Users\Михаил\.m2\repository\org\geotools\xsd\gt-xsd-ows\27-SNAPSHOT\gt-xsd-ows-27-SNAPSHOT.jar;C:\Users\Михаил\.m2\repository\org\geotools\xsd\gt-xsd-wcs\27-SNAPSHOT\gt-xsd-wcs-27-SNAPSHOT.jar;C:\Users\Михаил\.m2\repository\org\geotools\ogc\org.w3.xlink\27-SNAPSHOT\org.w3.xlink-27-SNAPSHOT.jar;C:\Users\Михаил\.m2\repository\javax\mail\mail\1.4\mail-1.4.jar;C:\Users\Михаил\.m2\repository\org\geoserver\gs-wcs1_1\2.21-SNAPSHOT\gs-wcs1_1-2.21-SNAPSHOT.jar;C:\Users\Михаил\.m2\repository\org\geoserver\gs-wcs2_0\2.21-SNAPSHOT\gs-wcs2_0-2.21-SNAPSHOT.jar;C:\Users\Михаил\.m2\repository\org\geoserver\gs-wfs\2.21-SNAPSHOT\gs-wfs-2.21-SNAPSHOT.jar;C:\Users\Михаил\.m2\repository\org\geotools\ogc\net.opengis.wfs\27-SNAPSHOT\net.opengis.wfs-27-SNAPSHOT.jar;C:\Users\Михаил\.m2\repository\org\geotools\ogc\net.opengis.fes\27-SNAPSHOT\net.opengis.fes-27-SNAPSHOT.jar;C:\Users\Михаил\.m2\repository\org\geotools\xsd\gt-xsd-wfs\27-SNAPSHOT\gt-xsd-wfs-27-SNAPSHOT.jar;C:\Users\Михаил\.m2\repository\org\geoserver\gs-wms\2.21-SNAPSHOT\gs-wms-2.21-SNAPSHOT.jar;C:\Users\Михаил\.m2\repository\org\geotools\gt-render\27-SNAPSHOT\gt-render-27-SNAPSHOT.jar;C:\Users\Михаил\.m2\repository\com\conversantmedia\disruptor\1.2.13\disruptor-1.2.13.jar;C:\Users\Михаил\.m2\repository\org\geotools\gt-svg\27-SNAPSHOT\gt-svg-27-SNAPSHOT.jar;C:\Users\Михаил\.m2\repository\org\apache\xmlgraphics\batik-transcoder\1.14\batik-transcoder-1.14.jar;C:\Users\Михаил\.m2\repository\org\apache\xmlgraphics\batik-anim\1.14\batik-anim-1.14.jar;C:\Users\Михаил\.m2\repository\org\apache\xmlgraphics\batik-css\1.14\batik-css-1.14.jar;C:\Users\Михаил\.m2\repository\org\apache\xmlgraphics\batik-ext\1.14\batik-ext-1.14.jar;C:\Users\Михаил\.m2\repository\org\apache\xmlgraphics\batik-parser\1.14\batik-parser-1.14.jar;C:\Users\Михаил\.m2\repository\org\apache\xmlgraphics\batik-svg-dom\1.14\batik-svg-dom-1.14.jar;C:\Users\Михаил\.m2\repository\org\apache\xmlgraphics\batik-awt-util\1.14\batik-awt-util-1.14.jar;C:\Users\Михаил\.m2\repository\org\apache\xmlgraphics\xmlgraphics-commons\2.6\xmlgraphics-commons-2.6.jar;C:\Users\Михаил\.m2\repository\org\apache\xmlgraphics\batik-bridge\1.14\batik-bridge-1.14.jar;C:\Users\Михаил\.m2\repository\org\apache\xmlgraphics\batik-script\1.14\batik-script-1.14.jar;C:\Users\Михаил\.m2\repository\org\apache\xmlgraphics\batik-dom\1.14\batik-dom-1.14.jar;C:\Users\Михаил\.m2\repository\org\apache\xmlgraphics\batik-gvt\1.14\batik-gvt-1.14.jar;C:\Users\Михаил\.m2\repository\org\apache\xmlgraphics\batik-shared-resources\1.14\batik-shared-resources-1.14.jar;C:\Users\Михаил\.m2\repository\org\apache\xmlgraphics\batik-svggen\1.14\batik-svggen-1.14.jar;C:\Users\Михаил\.m2\repository\org\apache\xmlgraphics\batik-util\1.14\batik-util-1.14.jar;C:\Users\Михаил\.m2\repository\org\apache\xmlgraphics\batik-constants\1.14\batik-constants-1.14.jar;C:\Users\Михаил\.m2\repository\org\apache\xmlgraphics\batik-i18n\1.14\batik-i18n-1.14.jar;C:\Users\Михаил\.m2\repository\org\apache\xmlgraphics\batik-xml\1.14\batik-xml-1.14.jar;C:\Users\Михаил\.m2\repository\xml-apis\xml-apis-ext\1.3.04\xml-apis-ext-1.3.04.jar;C:\Users\Михаил\.m2\repository\org\geotools\gt-process\27-SNAPSHOT\gt-process-27-SNAPSHOT.jar;C:\Users\Михаил\.m2\repository\org\geotools\gt-geojson\27-SNAPSHOT\gt-geojson-27-SNAPSHOT.jar;C:\Users\Михаил\.m2\repository\com\googlecode\json-simple\json-simple\1.1.1\json-simple-1.1.1.jar;C:\Users\Михаил\.m2\repository\com\lowagie\itext\2.1.5\itext-2.1.5.jar;C:\Users\Михаил\.m2\repository\it\geosolutions\imageio-ext\imageio-ext-png\1.3.11\imageio-ext-png-1.3.11.jar;C:\Users\Михаил\.m2\repository\ar\com\hjg\pngj\2.0.1\pngj-2.0.1.jar;C:\Users\Михаил\.m2\repository\xalan\xalan\2.7.2\xalan-2.7.2.jar;C:\Users\Михаил\.m2\repository\xalan\serializer\2.7.2\serializer-2.7.2.jar;C:\Users\Михаил\.m2\repository\xml-apis\xml-apis\1.4.01\xml-apis-1.4.01.jar;C:\Users\Михаил\.m2\repository\org\springframework\spring-context-support\5.1.20.RELEASE\spring-context-support-5.1.20.RELEASE.jar;C:\Users\Михаил\.m2\repository\org\geotools\gt-process-raster\27-SNAPSHOT\gt-process-raster-27-SNAPSHOT.jar;C:\Users\Михаил\.m2\repository\org\jaitools\jt-rangelookup\1.6.0\jt-rangelookup-1.6.0.jar;C:\Users\Михаил\.m2\repository\org\jaitools\jt-contour\1.6.0\jt-contour-1.6.0.jar;C:\Users\Михаил\.m2\repository\org\jaitools\jt-attributeop\1.6.0\jt-attributeop-1.6.0.jar;C:\Users\Михаил\.m2\repository\org\jaitools\jt-vectorize\1.6.0\jt-vectorize-1.6.0.jar;C:\Users\Михаил\.m2\repository\it\geosolutions\jaiext\jiffle\jt-jiffle-op\1.1.21\jt-jiffle-op-1.1.21.jar;C:\Users\Михаил\.m2\repository\it\geosolutions\jaiext\jiffle\jt-jiffle-language\1.1.21\jt-jiffle-language-1.1.21.jar;C:\Users\Михаил\.m2\repository\org\antlr\antlr4-runtime\4.7.1\antlr4-runtime-4.7.1.jar;C:\Users\Михаил\.m2\repository\org\codehaus\janino\janino\3.0.8\janino-3.0.8.jar;C:\Users\Михаил\.m2\repository\org\codehaus\janino\commons-compiler\3.0.8\commons-compiler-3.0.8.jar;C:\Users\Михаил\.m2\repository\it\geosolutions\jaiext\classbreaks\jt-classbreaks\1.1.21\jt-classbreaks-1.1.21.jar;C:\Users\Михаил\.m2\repository\org\geotools\gt-process-feature\27-SNAPSHOT\gt-process-feature-27-SNAPSHOT.jar;C:\Users\Михаил\.m2\repository\org\geotools\gt-grid\27-SNAPSHOT\gt-grid-27-SNAPSHOT.jar;C:\Users\Михаил\.m2\repository\org\apache\httpcomponents\httpclient\4.5.13\httpclient-4.5.13.jar;C:\Users\Михаил\.m2\repository\org\apache\httpcomponents\httpcore\4.4.10\httpcore-4.4.10.jar;C:\Users\Михаил\.m2\repository\org\apache\httpcomponents\httpclient-cache\4.5.13\httpclient-cache-4.5.13.jar;C:\Users\Михаил\.m2\repository\org\geoserver\gs-kml\2.21-SNAPSHOT\gs-kml-2.21-SNAPSHOT.jar;C:\Users\Михаил\.m2\repository\de\micromata\jak\JavaAPIforKml\2.2.0\JavaAPIforKml-2.2.0.jar;C:\Users\Михаил\.m2\repository\javax\xml\bind\jaxb-api\2.4.0-b180830.0359\jaxb-api-2.4.0-b180830.0359.jar;C:\Users\Михаил\.m2\repository\org\glassfish\jaxb\jaxb-runtime\2.4.0-b180830.0438\jaxb-runtime-2.4.0-b180830.0438.jar;C:\Users\Михаил\.m2\repository\org\glassfish\jaxb\txw2\2.4.0-b180830.0438\txw2-2.4.0-b180830.0438.jar;C:\Users\Михаил\.m2\repository\com\sun\istack\istack-commons-runtime\3.0.7\istack-commons-runtime-3.0.7.jar;C:\Users\Михаил\.m2\repository\org\jvnet\staxex\stax-ex\1.8\stax-ex-1.8.jar;C:\Users\Михаил\.m2\repository\com\sun\xml\fastinfoset\FastInfoset\1.2.15\FastInfoset-1.2.15.jar;C:\Users\Михаил\.m2\repository\org\geoserver\gs-gwc\2.21-SNAPSHOT\gs-gwc-2.21-SNAPSHOT.jar;C:\Users\Михаил\.m2\repository\org\geowebcache\gwc-core\1.21-SNAPSHOT\gwc-core-1.21-SNAPSHOT.jar;C:\Users\Михаил\.m2\repository\com\fasterxml\jackson\core\jackson-databind\2.10.5.1\jackson-databind-2.10.5.1.jar;C:\Users\Михаил\.m2\repository\com\fasterxml\jackson\core\jackson-annotations\2.10.5\jackson-annotations-2.10.5.jar;C:\Users\Михаил\.m2\repository\org\owasp\encoder\encoder\1.1\encoder-1.1.jar;C:\Users\Михаил\.m2\repository\org\geowebcache\gwc-georss\1.21-SNAPSHOT\gwc-georss-1.21-SNAPSHOT.jar;C:\Users\Михаил\.m2\repository\stax\stax\1.2.0\stax-1.2.0.jar;C:\Users\Михаил\.m2\repository\org\geowebcache\gwc-gmaps\1.21-SNAPSHOT\gwc-gmaps-1.21-SNAPSHOT.jar;C:\Users\Михаил\.m2\repository\org\geowebcache\gwc-kml\1.21-SNAPSHOT\gwc-kml-1.21-SNAPSHOT.jar;C:\Users\Михаил\.m2\repository\org\geowebcache\gwc-rest\1.21-SNAPSHOT\gwc-rest-1.21-SNAPSHOT.jar;C:\Users\Михаил\.m2\repository\org\json\json\20180813\json-20180813.jar;C:\Users\Михаил\.m2\repository\org\geowebcache\gwc-tms\1.21-SNAPSHOT\gwc-tms-1.21-SNAPSHOT.jar;C:\Users\Михаил\.m2\repository\org\geowebcache\gwc-ve\1.21-SNAPSHOT\gwc-ve-1.21-SNAPSHOT.jar;C:\Users\Михаил\.m2\repository\org\geowebcache\gwc-wms\1.21-SNAPSHOT\gwc-wms-1.21-SNAPSHOT.jar;C:\Users\Михаил\.m2\repository\org\geowebcache\gwc-wmts\1.21-SNAPSHOT\gwc-wmts-1.21-SNAPSHOT.jar;C:\Users\Михаил\.m2\repository\org\geowebcache\gwc-diskquota-jdbc\1.21-SNAPSHOT\gwc-diskquota-jdbc-1.21-SNAPSHOT.jar;C:\Users\Михаил\.m2\repository\org\geowebcache\gwc-diskquota-core\1.21-SNAPSHOT\gwc-diskquota-core-1.21-SNAPSHOT.jar;C:\Users\Михаил\.m2\repository\com\fasterxml\jackson\core\jackson-core\2.10.5\jackson-core-2.10.5.jar;C:\Users\Михаил\.m2\repository\org\geoserver\gs-rest\2.21-SNAPSHOT\gs-rest-2.21-SNAPSHOT.jar;C:\Users\Михаил\.m2\repository\org\springframework\spring-webmvc\5.1.20.RELEASE\spring-webmvc-5.1.20.RELEASE.jar;C:\Users\Михаил\.m2\repository\org\geoserver\gs-restconfig\2.21-SNAPSHOT\gs-restconfig-2.21-SNAPSHOT.jar;C:\Users\Михаил\.m2\repository\org\geoserver\gs-restconfig-wcs\2.21-SNAPSHOT\gs-restconfig-wcs-2.21-SNAPSHOT.jar;C:\Users\Михаил\.m2\repository\org\geoserver\gs-restconfig-wfs\2.21-SNAPSHOT\gs-restconfig-wfs-2.21-SNAPSHOT.jar;C:\Users\Михаил\.m2\repository\org\geoserver\gs-restconfig-wms\2.21-SNAPSHOT\gs-restconfig-wms-2.21-SNAPSHOT.jar;C:\Users\Михаил\.m2\repository\org\geoserver\gs-restconfig-wmts\2.21-SNAPSHOT\gs-restconfig-wmts-2.21-SNAPSHOT.jar;C:\Users\Михаил\.m2\repository\org\geoserver\security\gs-sec-jdbc\2.21-SNAPSHOT\gs-sec-jdbc-2.21-SNAPSHOT.jar;C:\Users\Михаил\.m2\repository\org\geoserver\security\gs-sec-ldap\2.21-SNAPSHOT\gs-sec-ldap-2.21-SNAPSHOT.jar;C:\Users\Михаил\.m2\repository\org\geotools\jdbc\gt-jdbc-postgis\27-SNAPSHOT\gt-jdbc-postgis-27-SNAPSHOT.jar;C:\Users\Михаил\.m2\repository\org\postgresql\postgresql\42.2.19\postgresql-42.2.19.jar;C:\Users\Михаил\.m2\repository\org\geotools\gt-geopkg\27-SNAPSHOT\gt-geopkg-27-SNAPSHOT.jar;C:\Users\Михаил\.m2\repository\org\xerial\sqlite-jdbc\3.34.0\sqlite-jdbc-3.34.0.jar;C:\Users\Михаил\.m2\repository\org\geotools\xsd\gt-xsd-core\27-SNAPSHOT\gt-xsd-core-27-SNAPSHOT.jar;C:\Users\Михаил\.m2\repository\picocontainer\picocontainer\1.2\picocontainer-1.2.jar;C:\Users\Михаил\.m2\repository\commons-jxpath\commons-jxpath\1.3\commons-jxpath-1.3.jar;C:\Users\Михаил\.m2\repository\org\eclipse\xsd\org.eclipse.xsd\2.12.0\org.eclipse.xsd-2.12.0.jar;C:\Users\Михаил\.m2\repository\org\geotools\xsd\gt-xsd-fes\27-SNAPSHOT\gt-xsd-fes-27-SNAPSHOT.jar;C:\Users\Михаил\.m2\repository\org\geotools\gt-wfs-ng\27-SNAPSHOT\gt-wfs-ng-27-SNAPSHOT.jar;C:\Users\Михаил\.m2\repository\org\geotools\gt-complex\27-SNAPSHOT\gt-complex-27-SNAPSHOT.jar;C:\Users\Михаил\.m2\repository\org\geotools\gt-app-schema-resolver\27-SNAPSHOT\gt-app-schema-resolver-27-SNAPSHOT.jar;C:\Users\Михаил\.m2\repository\org\geotools\gt-xml\27-SNAPSHOT\gt-xml-27-SNAPSHOT.jar;C:\Users\Михаил\.m2\repository\org\apache\xml\xml-commons-resolver\1.2\xml-commons-resolver-1.2.jar;C:\Users\Михаил\.m2\repository\org\geotools\gt-gml-geometry-streaming\27-SNAPSHOT\gt-gml-geometry-streaming-27-SNAPSHOT.jar;C:\Users\Михаил\.m2\repository\org\geotools\gt-http-commons\27-SNAPSHOT\gt-http-commons-27-SNAPSHOT.jar;C:\Users\Михаил\.m2\repository\org\geotools\gt-geotiff\27-SNAPSHOT\gt-geotiff-27-SNAPSHOT.jar;C:\Users\Михаил\.m2\repository\it\geosolutions\imageio-ext\imageio-ext-tiff\1.3.11\imageio-ext-tiff-1.3.11.jar;C:\Users\Михаил\.m2\repository\it\geosolutions\imageio-ext\imageio-ext-utilities\1.3.11\imageio-ext-utilities-1.3.11.jar;C:\Users\Михаил\.m2\repository\io\airlift\aircompressor\0.20\aircompressor-0.20.jar;C:\Users\Михаил\.m2\repository\it\geosolutions\imageio-ext\imageio-ext-cog-reader\1.3.11\imageio-ext-cog-reader-1.3.11.jar;C:\Users\Михаил\.m2\repository\it\geosolutions\imageio-ext\imageio-ext-cog-commons\1.3.11\imageio-ext-cog-commons-1.3.11.jar;C:\Users\Михаил\.m2\repository\it\geosolutions\imageio-ext\imageio-ext-cog-streams\1.3.11\imageio-ext-cog-streams-1.3.11.jar;C:\Users\Михаил\.m2\repository\org\ehcache\ehcache\3.4.0\ehcache-3.4.0.jar;C:\Users\Михаил\.m2\repository\org\geotools\gt-arcgrid\27-SNAPSHOT\gt-arcgrid-27-SNAPSHOT.jar;C:\Users\Михаил\.m2\repository\it\geosolutions\imageio-ext\imageio-ext-arcgrid\1.3.11\imageio-ext-arcgrid-1.3.11.jar;C:\Users\Михаил\.m2\repository\org\geotools\gt-imagemosaic\27-SNAPSHOT\gt-imagemosaic-27-SNAPSHOT.jar;C:\Users\Михаил\.m2\repository\org\locationtech\jts\jts-core\1.18.2\jts-core-1.18.2.jar;C:\Users\Михаил\.m2\repository\org\geotools\gt-transform\27-SNAPSHOT\gt-transform-27-SNAPSHOT.jar;C:\Users\Михаил\.m2\repository\it\geosolutions\imageio-ext\imageio-ext-streams\1.3.11\imageio-ext-streams-1.3.11.jar;C:\Users\Михаил\.m2\repository\it\geosolutions\imageio-ext\imageio-ext-geocore\1.3.11\imageio-ext-geocore-1.3.11.jar;C:\Users\Михаил\.m2\repository\org\jaitools\jt-utils\1.6.0\jt-utils-1.6.0.jar;C:\Users\Михаил\.m2\repository\org\jaitools\jt-vectorbinarize\1.6.0\jt-vectorbinarize-1.6.0.jar;C:\Users\Михаил\.m2\repository\javax\activation\javax.activation-api\1.2.0\javax.activation-api-1.2.0.jar;C:\Users\Михаил\.m2\repository\org\geotools\gt-image\27-SNAPSHOT\gt-image-27-SNAPSHOT.jar;C:\Users\Михаил\.m2\repository\org\eclipse\jetty\jetty-server\9.4.44.v20210927\jetty-server-9.4.44.v20210927.jar;C:\Users\Михаил\.m2\repository\org\eclipse\jetty\jetty-http\9.4.44.v20210927\jetty-http-9.4.44.v20210927.jar;C:\Users\Михаил\.m2\repository\org\eclipse\jetty\jetty-io\9.4.44.v20210927\jetty-io-9.4.44.v20210927.jar;C:\Users\Михаил\.m2\repository\org\eclipse\jetty\jetty-jndi\9.4.44.v20210927\jetty-jndi-9.4.44.v20210927.jar;C:\Users\Михаил\.m2\repository\org\eclipse\jetty\jetty-plus\9.4.44.v20210927\jetty-plus-9.4.44.v20210927.jar;C:\Users\Михаил\.m2\repository\org\eclipse\jetty\jetty-webapp\9.4.44.v20210927\jetty-webapp-9.4.44.v20210927.jar;C:\Users\Михаил\.m2\repository\org\eclipse\jetty\jetty-xml\9.4.44.v20210927\jetty-xml-9.4.44.v20210927.jar;C:\Users\Михаил\.m2\repository\org\eclipse\jetty\jetty-servlet\9.4.44.v20210927\jetty-servlet-9.4.44.v20210927.jar;C:\Users\Михаил\.m2\repository\org\eclipse\jetty\jetty-security\9.4.44.v20210927\jetty-security-9.4.44.v20210927.jar;C:\Users\Михаил\.m2\repository\org\eclipse\jetty\jetty-util-ajax\9.4.44.v20210927\jetty-util-ajax-9.4.44.v20210927.jar;C:\Users\Михаил\.m2\repository\org\eclipse\jetty\jetty-util\9.4.44.v20210927\jetty-util-9.4.44.v20210927.jar;C:\Users\Михаил\.m2\repository\org\eclipse\jetty\jetty-servlets\9.4.44.v20210927\jetty-servlets-9.4.44.v20210927.jar;C:\Users\Михаил\.m2\repository\org\eclipse\jetty\jetty-continuation\9.4.44.v20210927\jetty-continuation-9.4.44.v20210927.jar;C:\Users\Михаил\.m2\repository\org\geoserver\gs-main\2.21-SNAPSHOT\gs-main-2.21-SNAPSHOT-tests.jar;C:\Users\Михаил\.m2\repository\org\springframework\spring-test\5.1.20.RELEASE\spring-test-5.1.20.RELEASE.jar;C:\Users\Михаил\.m2\repository\javax\servlet\javax.servlet-api\3.1.0\javax.servlet-api-3.1.0.jar;C:\Users\Михаил\.m2\repository\xmlunit\xmlunit\1.3\xmlunit-1.3.jar;C:\Users\Михаил\.m2\repository\junit\junit\4.13.1\junit-4.13.1.jar;C:\Users\Михаил\.m2\repository\org\hamcrest\hamcrest-core\1.3\hamcrest-core-1.3.jar;"/>
    <property name="sun.cpu.endian" value="little"/>
    <property name="user.home" value="C:\Users\Михаил"/>
    <property name="user.language" value="ru"/>
    <property name="java.specification.vendor" value="Oracle Corporation"/>
    <property name="build.branch" value="main"/>
    <property name="build.build.version" value="2.21-SNAPSHOT"/>
    <property name="java.version.date" value="2021-10-19"/>
    <property name="java.home" value="D:\Programms\java"/>
    <property name="build.total.commit.count" value="12303"/>
    <property name="file.separator" value="\"/>
    <property name="basedir" value="D:\Repos\geoserver\geoserver\src\web\app"/>
    <property name="java.vm.compressedOopsMode" value="32-bit"/>
    <property name="line.separator" value="&#10;"/>
    <property name="java.vm.specification.vendor" value="Oracle Corporation"/>
    <property name="java.specification.name" value="Java Platform API Specification"/>
    <property name="windows.leniency" value="true"/>
    <property name="java.awt.headless" value="true"/>
    <property name="surefire.real.class.path" value="C:\Users\8FEE~1\AppData\Local\Temp\surefire1370436641015118022\surefirebooter12883181002766212020.jar"/>
    <property name="build.commit.user.email" value="andrea.aime@gmail.com"/>
    <property name="build.build.host" value="DESKTOP-5U3O5DM"/>
    <property name="user.script" value=""/>
    <property name="sun.java2d.d3d" value="true"/>
    <property name="sun.management.compiler" value="HotSpot 64-Bit Tiered Compilers"/>
    <property name="java.runtime.version" value="17.0.1+12-LTS-39"/>
    <property name="user.name" value="Михаил"/>
    <property name="path.separator" value=";"/>
    <property name="os.version" value="10.0"/>
    <property name="build.build.time" value="2021-12-05T19:40:59+0500"/>
    <property name="build.local.branch.behind" value="1"/>
    <property name="java.runtime.name" value="Java(TM) SE Runtime Environment"/>
    <property name="build.build.user.name" value="Jtomat"/>
    <property name="build.closest.tag.name" value=""/>
    <property name="file.encoding" value="UTF-8"/>
    <property name="build.commit.message.short" value="[GEOS-10321] WCS 2.0 might fail to return coverages whose native BBOX goes slighly outside of the dateline"/>
    <property name="build.commit.id.describe" value="2061d6e"/>
    <property name="java.vm.name" value="Java HotSpot(TM) 64-Bit Server VM"/>
    <property name="build.tags" value=""/>
    <property name="localRepository" value="C:\Users\Михаил\.m2\repository"/>
    <property name="java.vendor.url.bug" value="https://bugreport.java.com/bugreport/"/>
    <property name="java.io.tmpdir" value="C:\Users\8FEE~1\AppData\Local\Temp\"/>
    <property name="build.commit.time" value="2021-12-03T17:12:42+0500"/>
    <property name="java.version" value="17.0.1"/>
    <property name="user.dir" value="D:\Repos\geoserver\geoserver\src\web\app"/>
    <property name="os.arch" value="amd64"/>
    <property name="java.vm.specification.name" value="Java Virtual Machine Specification"/>
    <property name="build.commit.message.full" value="[GEOS-10321] WCS 2.0 might fail to return coverages whose native BBOX goes slighly outside of the dateline"/>
    <property name="build.commit.id.describe-short" value="2061d6e"/>
    <property name="quietTests" value="true"/>
    <property name="sun.os.patch.level" value=""/>
    <property name="native.encoding" value="Cp1251"/>
    <property name="java.library.path" value="D:\Programms\java\bin;C:\WINDOWS\Sun\Java\bin;C:\WINDOWS\system32;C:\WINDOWS;C:\Program Files\Common Files\Oracle\Java\javapath;C:\Program Files\NVIDIA GPU Computing Toolkit\CUDA\v11.4\bin;C:\Program Files\NVIDIA GPU Computing Toolkit\CUDA\v11.4\libnvvp;C:\Python39\Scripts\;C:\Python39\;C:\Program Files (x86)\NVIDIA Corporation\PhysX\Common;D:\Programms\VMware\VMware Player\bin\;C:\Program Files (x86)\Common Files\Oracle\Java\javapath;C:\WINDOWS\system32;C:\WINDOWS;C:\WINDOWS\System32\Wbem;C:\WINDOWS\System32\WindowsPowerShell\v1.0\;C:\WINDOWS\System32\OpenSSH\;C:\Program Files\Microsoft SQL Server\130\Tools\Binn\;C:\Program Files\Microsoft SQL Server\Client SDK\ODBC\170\Tools\Binn\;C:\Program Files\Microsoft SQL Server\Client SDK\ODBC\130\Tools\Binn\;C:\Program Files (x86)\Microsoft SQL Server\140\Tools\Binn\;C:\Program Files\Microsoft SQL Server\140\Tools\Binn\;C:\Program Files\Microsoft SQL Server\140\DTS\Binn\;C:\Program Files (x86)\Microsoft SQL Server\150\DTS\Binn\;C:\Android;C:\Windows\System32;C:\Program Files (x86)\GtkSharp\2.12\bin;C:\ProgramData\ComposerSetup\bin;D:\Programms\OpenServer\OSPanel\modules\php\PHP_7.4-x64;C:\Program Files\Git\cmd;C:\Program Files\dotnet\;C:\ProgramData\chocolatey\bin;C:\Program Files (x86)\dotnet\;C:\Program Files\NVIDIA Corporation\Nsight Compute 2021.2.2\;C:\Program Files\NVIDIA Corporation\NVIDIA NvDLISR;D:\Programms\nodejs\;C:\mav\apache-maven-3.8.4\bin;C:\Users\Михаил\.cargo\bin;C:\Users\Михаил\AppData\Local\Microsoft\WindowsApps;D:\Programms\IDEA\IntelliJ IDEA 2019.3.3\bin;C:\Users\Михаил\AppData\Roaming\Composer\vendor\bin;C:\Users\Михаил\.dotnet\tools;C:\Users\Михаил\AppData\Local\GitHubDesktop\bin;C:\Users\Михаил\.dotnet\tools;D:\Programms\WebStorm 2020.3.2\bin;C:\Users\Михаил\AppData\Local\Microsoft\WindowsApps;C:\Users\Михаил\AppData\Roaming\npm;%M2_HOME\bin%;."/>
    <property name="java.vm.info" value="mixed mode, emulated-client, sharing"/>
    <property name="java.vendor" value="Oracle Corporation"/>
    <property name="java.vm.version" value="17.0.1+12-LTS-39"/>
    <property name="sun.io.unicode.encoding" value="UnicodeLittle"/>
    <property name="org.geotools.image.test.interactive" value="false"/>
    <property name="java.class.version" value="61.0"/>
  </properties>
  <testcase name="testWebXmlDTDCompliance" classname="org.geoserver.web.WebXmlTest" time="0.032"/>
</testsuite>